0	1	mikroCARM.exe -MSF -DBG -pSTM32F107VC -BIN -LHF -DL -SSA -O11111114 -fo72 -N"D:\Clicks_git\G\GNSS_2_Click\SW\example\c\ARM\STM\Click_GNSS2_STM.mcpar" -SP"C:\Users\Public\Documents\Mikroelektronika\mikroC PRO for ARM\Defs\" -SP"C:\Users\Public\Documents\Mikroelektronika\mikroC PRO for ARM\Uses\ST M3\" -SP"D:\Clicks_git\G\GNSS_2_Click\SW\example\c\ARM\STM\" -SP"D:\Clicks_git\G\GNSS_2_Click\SW\library\HAL\" -SP"D:\Clicks_git\G\GNSS_2_Click\SW\library\" -SP"C:\Users\Public\Documents\Mikroelektronika\mikroC PRO for ARM\Packages\mikroBUS Board Definition API\Uses\" -IP"C:\Users\Public\Documents\Mikroelektronika\mikroC PRO for ARM\Uses\ST M3\" -IP"D:\Clicks_git\G\GNSS_2_Click\SW\example\c\ARM\STM\" -IP"D:\Clicks_git\G\GNSS_2_Click\SW\library\" -IP"D:\Clicks_git\G\GNSS_2_Click\SW\library\HAL\" -IP"C:\Users\Public\Documents\Mikroelektronika\mikroC PRO for ARM\Packages\mikroBUS Board Definition API\Uses\" "Click_GNSS2_STM.c" "__gnss2_driver.c" "__Lib_Math.emcl" "__Lib_MathDouble.emcl" "__Lib_Delays.emcl" "__Lib_System_105_107.emcl" "__Lib_GPIO_32F10x_Defs.emcl" "__Lib_GPIO_32F10x.emcl" "__Lib_CString.emcl" "__Lib_Conversions.emcl" "__Lib_UART_123_45.emcl" "easymx_v7_STM32F107VC.emcl" "Click_GNSS2.pld"	 
diagnostics: 0	122	Compilation Started	stdint.h
hint: 0	1004	interrupt handler (Timer_interrupt at 0x002C)	click_gnss2_timer.h
diagnostics: 182	123	Compiled Successfully	Click_GNSS2_STM.c
hint: 53	1164	Variable 'evArgs' has been eliminated by optimizer	Click_GNSS2_STM.c
diagnostics: 0	122	Compilation Started	stdint.h
warning: 169	1503	Result is not defined in function: 'DCE_getState'	__gnss2_driver.c
diagnostics: 855	123	Compiled Successfully	__gnss2_driver.c
hint: 217	1164	Variable 'tmp' has been eliminated by optimizer	__gnss2_driver.c
hint: 135	1164	Variable 'tmp' has been eliminated by optimizer	__gnss2_driver.c
hint: 312	1164	Variable 'tmp' has been eliminated by optimizer	__gnss2_driver.c
hint: 323	1164	Variable 'tmp' has been eliminated by optimizer	__gnss2_driver.c
hint: 742	1164	Variable 'tmp' has been eliminated by optimizer	__gnss2_driver.c
diagnostics: 0	127	All files Compiled in 297 ms	 
hint: 0	1144	Used RX: 16 (100%)   Free RX: 0 (0%)	Used RX: 16 (100%)   Free RX: 0 (0%)
hint: 0	1144	Static RAM (bytes): 2579   Dynamic RAM (bytes): 62953	Static RAM (bytes): 2579   Dynamic RAM (bytes): 62953
hint: 0	1144	Used ROM (bytes): 11318 (4%)  Free ROM (bytes): 250826 (96%)	Used ROM (bytes): 11318 (4%)  Free ROM (bytes): 250826 (96%)
diagnostics: 0	125	Project Linked Successfully	Click_GNSS2_STM.mcpar
diagnostics: 0	128	Linked in 375 ms	 
diagnostics: 0	129	Project 'Click_GNSS2_STM.mcpar' completed: 828 ms	 
diagnostics: 0	103	Finished successfully: 23 jan 2019, 08:51:20	Click_GNSS2_STM.mcpar
